{"/Users/harry.lang/other/react-framework/src/components/Loading.js": {"path":"/Users/harry.lang/other/react-framework/src/components/Loading.js","statementMap":{"0":{"start":{"line":5,"column":8},"end":{"line":5,"column":35}}},"fnMap":{"0":{"name":"(anonymous_0)","decl":{"start":{"line":4,"column":4},"end":{"line":4,"column":5}},"loc":{"start":{"line":4,"column":13},"end":{"line":6,"column":5}},"line":4}},"branchMap":{},"s":{"0":2},"f":{"0":2},"b":{},"_coverageSchema":"43e27e138ebf9cfc5966b082cf9a028302ed4184","hash":"937294e2159bb88480c36de9c13f7c4e5edca9cb"}
,"/Users/harry.lang/other/react-framework/src/config/api.js": {"path":"/Users/harry.lang/other/react-framework/src/config/api.js","statementMap":{},"fnMap":{},"branchMap":{},"s":{},"f":{},"b":{},"_coverageSchema":"43e27e138ebf9cfc5966b082cf9a028302ed4184","hash":"76ceed5285a5d701082525faf3f2fb8b8014349d"}
,"/Users/harry.lang/other/react-framework/src/routes/404/assets/images/hehe.png": {"path":"/Users/harry.lang/other/react-framework/src/routes/404/assets/images/hehe.png","statementMap":{"0":{"start":{"line":1,"column":0},"end":{"line":1,"column":28}}},"fnMap":{},"branchMap":{},"s":{"0":1},"f":{},"b":{},"_coverageSchema":"43e27e138ebf9cfc5966b082cf9a028302ed4184","hash":"348e9eb0d94526c7e78bcee301e6ced3061aee7e"}
,"/Users/harry.lang/other/react-framework/src/routes/404/components/NoMatch.js": {"path":"/Users/harry.lang/other/react-framework/src/routes/404/components/NoMatch.js","statementMap":{"0":{"start":{"line":24,"column":28},"end":{"line":24,"column":38}},"1":{"start":{"line":25,"column":8},"end":{"line":25,"column":18}},"2":{"start":{"line":32,"column":12},"end":{"line":32,"column":22}},"3":{"start":{"line":34,"column":8},"end":{"line":39,"column":15}},"4":{"start":{"line":36,"column":70},"end":{"line":36,"column":104}},"5":{"start":{"line":11,"column":8},"end":{"line":11,"column":40}},"6":{"start":{"line":14,"column":8},"end":{"line":18,"column":10}},"7":{"start":{"line":16,"column":37},"end":{"line":16,"column":66}},"8":{"start":{"line":17,"column":27},"end":{"line":17,"column":46}}},"fnMap":{"0":{"name":"(anonymous_0)","decl":{"start":{"line":23,"column":4},"end":{"line":23,"column":5}},"loc":{"start":{"line":23,"column":24},"end":{"line":26,"column":5}},"line":23},"1":{"name":"(anonymous_1)","decl":{"start":{"line":28,"column":4},"end":{"line":28,"column":5}},"loc":{"start":{"line":28,"column":13},"end":{"line":40,"column":5}},"line":28},"2":{"name":"(anonymous_2)","decl":{"start":{"line":36,"column":62},"end":{"line":36,"column":63}},"loc":{"start":{"line":36,"column":68},"end":{"line":36,"column":106}},"line":36},"3":{"name":"(anonymous_3)","decl":{"start":{"line":10,"column":4},"end":{"line":10,"column":5}},"loc":{"start":{"line":10,"column":21},"end":{"line":12,"column":5}},"line":10},"4":{"name":"(anonymous_4)","decl":{"start":{"line":13,"column":4},"end":{"line":13,"column":5}},"loc":{"start":{"line":13,"column":18},"end":{"line":19,"column":5}},"line":13},"5":{"name":"(anonymous_5)","decl":{"start":{"line":16,"column":25},"end":{"line":16,"column":26}},"loc":{"start":{"line":16,"column":37},"end":{"line":16,"column":66}},"line":16},"6":{"name":"(anonymous_6)","decl":{"start":{"line":17,"column":21},"end":{"line":17,"column":22}},"loc":{"start":{"line":17,"column":27},"end":{"line":17,"column":46}},"line":17}},"branchMap":{},"s":{"0":1,"1":1,"2":3,"3":3,"4":1,"5":3,"6":2,"7":1,"8":1},"f":{"0":1,"1":3,"2":1,"3":3,"4":2,"5":1,"6":1},"b":{},"_coverageSchema":"43e27e138ebf9cfc5966b082cf9a028302ed4184","hash":"f72762b10dc970a251afe73e0fb17bec2a79bdb5"}
,"/Users/harry.lang/other/react-framework/src/routes/404/redux/actionTypes.js": {"path":"/Users/harry.lang/other/react-framework/src/routes/404/redux/actionTypes.js","statementMap":{},"fnMap":{},"branchMap":{},"s":{},"f":{},"b":{},"_coverageSchema":"43e27e138ebf9cfc5966b082cf9a028302ed4184","hash":"437c7c4ab0d8ef3e1d0d8b2213ea2324e99b66cf"}
,"/Users/harry.lang/other/react-framework/src/routes/404/redux/actions.js": {"path":"/Users/harry.lang/other/react-framework/src/routes/404/redux/actions.js","statementMap":{"0":{"start":{"line":11,"column":4},"end":{"line":14,"column":6}},"1":{"start":{"line":22,"column":26},"end":{"line":27,"column":1}},"2":{"start":{"line":23,"column":4},"end":{"line":26,"column":6}},"3":{"start":{"line":34,"column":23},"end":{"line":39,"column":1}},"4":{"start":{"line":35,"column":4},"end":{"line":38,"column":6}},"5":{"start":{"line":36,"column":23},"end":{"line":36,"column":44}},"6":{"start":{"line":37,"column":8},"end":{"line":37,"column":37}}},"fnMap":{"0":{"name":"updateTitle","decl":{"start":{"line":10,"column":16},"end":{"line":10,"column":27}},"loc":{"start":{"line":10,"column":35},"end":{"line":15,"column":1}},"line":10},"1":{"name":"(anonymous_1)","decl":{"start":{"line":22,"column":26},"end":{"line":22,"column":27}},"loc":{"start":{"line":22,"column":36},"end":{"line":27,"column":1}},"line":22},"2":{"name":"(anonymous_2)","decl":{"start":{"line":34,"column":23},"end":{"line":34,"column":24}},"loc":{"start":{"line":34,"column":35},"end":{"line":39,"column":1}},"line":34},"3":{"name":"(anonymous_3)","decl":{"start":{"line":35,"column":11},"end":{"line":35,"column":12}},"loc":{"start":{"line":35,"column":29},"end":{"line":38,"column":5}},"line":35}},"branchMap":{},"s":{"0":1,"1":1,"2":0,"3":1,"4":1,"5":1,"6":0},"f":{"0":1,"1":0,"2":1,"3":1},"b":{},"_coverageSchema":"43e27e138ebf9cfc5966b082cf9a028302ed4184","hash":"58606e92c553af49ecf39dcd439776de5485ba0a"}
,"/Users/harry.lang/other/react-framework/src/routes/404/redux/reducer.js": {"path":"/Users/harry.lang/other/react-framework/src/routes/404/redux/reducer.js","statementMap":{"0":{"start":{"line":3,"column":23},"end":{"line":12,"column":1}},"1":{"start":{"line":5,"column":22},"end":{"line":5,"column":36}},"2":{"start":{"line":6,"column":8},"end":{"line":6,"column":58}},"3":{"start":{"line":9,"column":21},"end":{"line":9,"column":35}},"4":{"start":{"line":10,"column":8},"end":{"line":10,"column":56}},"5":{"start":{"line":13,"column":21},"end":{"line":16,"column":1}},"6":{"start":{"line":19,"column":20},"end":{"line":19,"column":47}},"7":{"start":{"line":20,"column":4},"end":{"line":20,"column":52}}},"fnMap":{"0":{"name":"(anonymous_0)","decl":{"start":{"line":4,"column":32},"end":{"line":4,"column":33}},"loc":{"start":{"line":4,"column":51},"end":{"line":7,"column":5}},"line":4},"1":{"name":"(anonymous_1)","decl":{"start":{"line":8,"column":31},"end":{"line":8,"column":32}},"loc":{"start":{"line":8,"column":50},"end":{"line":11,"column":5}},"line":8},"2":{"name":"(anonymous_2)","decl":{"start":{"line":18,"column":15},"end":{"line":18,"column":16}},"loc":{"start":{"line":18,"column":55},"end":{"line":21,"column":1}},"line":18}},"branchMap":{"0":{"loc":{"start":{"line":18,"column":25},"end":{"line":18,"column":45}},"type":"default-arg","locations":[{"start":{"line":18,"column":33},"end":{"line":18,"column":45}}],"line":18},"1":{"loc":{"start":{"line":20,"column":11},"end":{"line":20,"column":51}},"type":"cond-expr","locations":[{"start":{"line":20,"column":21},"end":{"line":20,"column":43}},{"start":{"line":20,"column":46},"end":{"line":20,"column":51}}],"line":20}},"s":{"0":1,"1":1,"2":1,"3":0,"4":0,"5":1,"6":4,"7":4},"f":{"0":1,"1":0,"2":4},"b":{"0":[2],"1":[1,3]},"_coverageSchema":"43e27e138ebf9cfc5966b082cf9a028302ed4184","hash":"5be9dfe401fa8206472751228f27b0f54e2f6e1c"}
,"/Users/harry.lang/other/react-framework/src/utils/fetch.js": {"path":"/Users/harry.lang/other/react-framework/src/utils/fetch.js","statementMap":{"0":{"start":{"line":6,"column":21},"end":{"line":8,"column":1}},"1":{"start":{"line":7,"column":4},"end":{"line":7,"column":71}},"2":{"start":{"line":7,"column":40},"end":{"line":7,"column":59}},"3":{"start":{"line":11,"column":4},"end":{"line":18,"column":6}},"4":{"start":{"line":20,"column":4},"end":{"line":22,"column":5}},"5":{"start":{"line":21,"column":8},"end":{"line":21,"column":52}},"6":{"start":{"line":24,"column":4},"end":{"line":27,"column":5}},"7":{"start":{"line":25,"column":8},"end":{"line":25,"column":49}},"8":{"start":{"line":26,"column":8},"end":{"line":26,"column":44}},"9":{"start":{"line":29,"column":4},"end":{"line":46,"column":11}},"10":{"start":{"line":31,"column":25},"end":{"line":31,"column":40}},"11":{"start":{"line":33,"column":12},"end":{"line":38,"column":13}},"12":{"start":{"line":34,"column":16},"end":{"line":36,"column":17}},"13":{"start":{"line":35,"column":20},"end":{"line":35,"column":43}},"14":{"start":{"line":37,"column":16},"end":{"line":37,"column":32}},"15":{"start":{"line":41,"column":12},"end":{"line":43,"column":13}},"16":{"start":{"line":45,"column":12},"end":{"line":45,"column":43}}},"fnMap":{"0":{"name":"(anonymous_0)","decl":{"start":{"line":6,"column":21},"end":{"line":6,"column":22}},"loc":{"start":{"line":6,"column":38},"end":{"line":8,"column":1}},"line":6},"1":{"name":"(anonymous_1)","decl":{"start":{"line":7,"column":35},"end":{"line":7,"column":36}},"loc":{"start":{"line":7,"column":40},"end":{"line":7,"column":59}},"line":7},"2":{"name":"_fetch","decl":{"start":{"line":10,"column":24},"end":{"line":10,"column":30}},"loc":{"start":{"line":10,"column":45},"end":{"line":47,"column":1}},"line":10},"3":{"name":"(anonymous_3)","decl":{"start":{"line":30,"column":14},"end":{"line":30,"column":15}},"loc":{"start":{"line":30,"column":34},"end":{"line":40,"column":9}},"line":30},"4":{"name":"(anonymous_4)","decl":{"start":{"line":40,"column":11},"end":{"line":40,"column":12}},"loc":{"start":{"line":40,"column":28},"end":{"line":44,"column":9}},"line":40},"5":{"name":"(anonymous_5)","decl":{"start":{"line":44,"column":17},"end":{"line":44,"column":18}},"loc":{"start":{"line":44,"column":34},"end":{"line":46,"column":9}},"line":44}},"branchMap":{"0":{"loc":{"start":{"line":6,"column":22},"end":{"line":6,"column":33}},"type":"default-arg","locations":[{"start":{"line":6,"column":31},"end":{"line":6,"column":33}}],"line":6},"1":{"loc":{"start":{"line":20,"column":4},"end":{"line":22,"column":5}},"type":"if","locations":[{"start":{"line":20,"column":4},"end":{"line":22,"column":5}},{"start":{"line":20,"column":4},"end":{"line":22,"column":5}}],"line":20},"2":{"loc":{"start":{"line":20,"column":8},"end":{"line":20,"column":55}},"type":"binary-expr","locations":[{"start":{"line":20,"column":8},"end":{"line":20,"column":20}},{"start":{"line":20,"column":24},"end":{"line":20,"column":55}}],"line":20},"3":{"loc":{"start":{"line":24,"column":4},"end":{"line":27,"column":5}},"type":"if","locations":[{"start":{"line":24,"column":4},"end":{"line":27,"column":5}},{"start":{"line":24,"column":4},"end":{"line":27,"column":5}}],"line":24},"4":{"loc":{"start":{"line":24,"column":8},"end":{"line":24,"column":59}},"type":"binary-expr","locations":[{"start":{"line":24,"column":8},"end":{"line":24,"column":22}},{"start":{"line":24,"column":26},"end":{"line":24,"column":59}}],"line":24},"5":{"loc":{"start":{"line":25,"column":15},"end":{"line":25,"column":48}},"type":"cond-expr","locations":[{"start":{"line":25,"column":39},"end":{"line":25,"column":42}},{"start":{"line":25,"column":45},"end":{"line":25,"column":48}}],"line":25},"6":{"loc":{"start":{"line":33,"column":12},"end":{"line":38,"column":13}},"type":"if","locations":[{"start":{"line":33,"column":12},"end":{"line":38,"column":13}},{"start":{"line":33,"column":12},"end":{"line":38,"column":13}}],"line":33},"7":{"loc":{"start":{"line":34,"column":16},"end":{"line":36,"column":17}},"type":"if","locations":[{"start":{"line":34,"column":16},"end":{"line":36,"column":17}},{"start":{"line":34,"column":16},"end":{"line":36,"column":17}}],"line":34},"8":{"loc":{"start":{"line":41,"column":12},"end":{"line":43,"column":13}},"type":"if","locations":[{"start":{"line":41,"column":12},"end":{"line":43,"column":13}},{"start":{"line":41,"column":12},"end":{"line":43,"column":13}}],"line":41}},"s":{"0":1,"1":0,"2":0,"3":1,"4":1,"5":0,"6":1,"7":0,"8":0,"9":1,"10":0,"11":0,"12":0,"13":0,"14":0,"15":0,"16":0},"f":{"0":0,"1":0,"2":1,"3":0,"4":0,"5":0},"b":{"0":[0],"1":[0,1],"2":[1,0],"3":[0,1],"4":[1,0],"5":[0,0],"6":[0,0],"7":[0,0],"8":[0,0]},"_coverageSchema":"43e27e138ebf9cfc5966b082cf9a028302ed4184","hash":"57535df8b9a37e67dd4ee60ae58aebaef64e4001"}
}
