TN:
SF:/Users/harry.lang/other/react-framework/src/components/Loading.js
FN:4,(anonymous_0)
FNF:1
FNH:1
FNDA:2,(anonymous_0)
DA:5,2
LF:1
LH:1
BRF:0
BRH:0
end_of_record
TN:
SF:/Users/harry.lang/other/react-framework/src/config/api.js
FNF:0
FNH:0
LF:0
LH:0
BRF:0
BRH:0
end_of_record
TN:
SF:/Users/harry.lang/other/react-framework/src/routes/404/assets/images/hehe.png
FNF:0
FNH:0
DA:1,1
LF:1
LH:1
BRF:0
BRH:0
end_of_record
TN:
SF:/Users/harry.lang/other/react-framework/src/routes/404/components/NoMatch.js
FN:23,(anonymous_0)
FN:28,(anonymous_1)
FN:36,(anonymous_2)
FN:10,(anonymous_3)
FN:13,(anonymous_4)
FN:16,(anonymous_5)
FN:17,(anonymous_6)
FNF:7
FNH:7
FNDA:1,(anonymous_0)
FNDA:3,(anonymous_1)
FNDA:1,(anonymous_2)
FNDA:3,(anonymous_3)
FNDA:2,(anonymous_4)
FNDA:1,(anonymous_5)
FNDA:1,(anonymous_6)
DA:11,3
DA:14,2
DA:16,1
DA:17,1
DA:24,1
DA:25,1
DA:32,3
DA:34,3
DA:36,1
LF:9
LH:9
BRF:0
BRH:0
end_of_record
TN:
SF:/Users/harry.lang/other/react-framework/src/routes/404/redux/actionTypes.js
FNF:0
FNH:0
LF:0
LH:0
BRF:0
BRH:0
end_of_record
TN:
SF:/Users/harry.lang/other/react-framework/src/routes/404/redux/actions.js
FN:10,updateTitle
FN:22,(anonymous_1)
FN:34,(anonymous_2)
FN:35,(anonymous_3)
FNF:4
FNH:3
FNDA:1,updateTitle
FNDA:0,(anonymous_1)
FNDA:1,(anonymous_2)
FNDA:1,(anonymous_3)
DA:11,1
DA:22,1
DA:23,0
DA:34,1
DA:35,1
DA:36,1
DA:37,0
LF:7
LH:5
BRF:0
BRH:0
end_of_record
TN:
SF:/Users/harry.lang/other/react-framework/src/routes/404/redux/reducer.js
FN:4,(anonymous_0)
FN:8,(anonymous_1)
FN:18,(anonymous_2)
FNF:3
FNH:2
FNDA:1,(anonymous_0)
FNDA:0,(anonymous_1)
FNDA:4,(anonymous_2)
DA:3,1
DA:5,1
DA:6,1
DA:9,0
DA:10,0
DA:13,1
DA:19,4
DA:20,4
LF:8
LH:6
BRDA:18,0,0,2
BRDA:20,1,0,1
BRDA:20,1,1,3
BRF:3
BRH:3
end_of_record
TN:
SF:/Users/harry.lang/other/react-framework/src/utils/fetch.js
FN:6,(anonymous_0)
FN:7,(anonymous_1)
FN:10,_fetch
FN:30,(anonymous_3)
FN:40,(anonymous_4)
FN:44,(anonymous_5)
FNF:6
FNH:1
FNDA:0,(anonymous_0)
FNDA:0,(anonymous_1)
FNDA:1,_fetch
FNDA:0,(anonymous_3)
FNDA:0,(anonymous_4)
FNDA:0,(anonymous_5)
DA:6,1
DA:7,0
DA:11,1
DA:20,1
DA:21,0
DA:24,1
DA:25,0
DA:26,0
DA:29,1
DA:31,0
DA:33,0
DA:34,0
DA:35,0
DA:37,0
DA:41,0
DA:45,0
LF:16
LH:5
BRDA:6,0,0,0
BRDA:20,1,0,0
BRDA:20,1,1,1
BRDA:20,2,0,1
BRDA:20,2,1,0
BRDA:24,3,0,0
BRDA:24,3,1,1
BRDA:24,4,0,1
BRDA:24,4,1,0
BRDA:25,5,0,0
BRDA:25,5,1,0
BRDA:33,6,0,0
BRDA:33,6,1,0
BRDA:34,7,0,0
BRDA:34,7,1,0
BRDA:41,8,0,0
BRDA:41,8,1,0
BRF:17
BRH:4
end_of_record
